c:\users\ssd\source\repos\gameengine\gameengine\x64\debug\vc141.pdb
c:\users\ssd\source\repos\gameengine\gameengine\x64\debug\vc141.idb
c:\users\ssd\source\repos\gameengine\gameengine\x64\debug\render.obj
c:\users\ssd\source\repos\gameengine\gameengine\x64\debug\object.obj
c:\users\ssd\source\repos\gameengine\gameengine\x64\debug\meshfilter.obj
c:\users\ssd\source\repos\gameengine\gameengine\x64\debug\meshdata.obj
c:\users\ssd\source\repos\gameengine\gameengine\x64\debug\mesh.obj
c:\users\ssd\source\repos\gameengine\gameengine\x64\debug\material.obj
c:\users\ssd\source\repos\gameengine\gameengine\x64\debug\mainobject.obj
c:\users\ssd\source\repos\gameengine\gameengine\x64\debug\imageloader.obj
c:\users\ssd\source\repos\gameengine\gameengine\x64\debug\gameengine.obj
c:\users\ssd\source\repos\gameengine\gameengine\x64\debug\customobject.obj
c:\users\ssd\source\repos\gameengine\gameengine\x64\debug\component.obj
c:\users\ssd\source\repos\gameengine\gameengine\x64\debug\imagedata.obj
c:\users\ssd\source\repos\gameengine\x64\debug\gameengine.pdb
c:\users\ssd\source\repos\gameengine\gameengine\x64\debug\gameengine.tlog\cl.command.1.tlog
c:\users\ssd\source\repos\gameengine\gameengine\x64\debug\gameengine.tlog\cl.read.1.tlog
c:\users\ssd\source\repos\gameengine\gameengine\x64\debug\gameengine.tlog\cl.write.1.tlog
c:\users\ssd\source\repos\gameengine\gameengine\x64\debug\gameengine.tlog\link-cvtres.read.1.tlog
c:\users\ssd\source\repos\gameengine\gameengine\x64\debug\gameengine.tlog\link-cvtres.write.1.tlog
c:\users\ssd\source\repos\gameengine\gameengine\x64\debug\gameengine.tlog\link-rc.read.1.tlog
c:\users\ssd\source\repos\gameengine\gameengine\x64\debug\gameengine.tlog\link-rc.write.1.tlog
c:\users\ssd\source\repos\gameengine\gameengine\x64\debug\gameengine.tlog\link.5896-cvtres.read.1.tlog
c:\users\ssd\source\repos\gameengine\gameengine\x64\debug\gameengine.tlog\link.5896-cvtres.write.1.tlog
c:\users\ssd\source\repos\gameengine\gameengine\x64\debug\gameengine.tlog\link.5896-rc.read.1.tlog
c:\users\ssd\source\repos\gameengine\gameengine\x64\debug\gameengine.tlog\link.5896-rc.write.1.tlog
c:\users\ssd\source\repos\gameengine\gameengine\x64\debug\gameengine.tlog\link.5896.read.1.tlog
c:\users\ssd\source\repos\gameengine\gameengine\x64\debug\gameengine.tlog\link.5896.write.1.tlog
c:\users\ssd\source\repos\gameengine\gameengine\x64\debug\gameengine.tlog\link.command.1.tlog
c:\users\ssd\source\repos\gameengine\gameengine\x64\debug\gameengine.tlog\link.read.1.tlog
c:\users\ssd\source\repos\gameengine\gameengine\x64\debug\gameengine.tlog\link.write.1.tlog
