c:\users\qerty\source\repos\gameengine\gameengine\x64\release\vc143.pdb
c:\users\qerty\source\repos\gameengine\gameengine\x64\release\transform.obj
c:\users\qerty\source\repos\gameengine\gameengine\x64\release\texturemanager.obj
c:\users\qerty\source\repos\gameengine\gameengine\x64\release\scene.obj
c:\users\qerty\source\repos\gameengine\gameengine\x64\release\rendercore.obj
c:\users\qerty\source\repos\gameengine\gameengine\x64\release\object.obj
c:\users\qerty\source\repos\gameengine\gameengine\x64\release\modelloader.obj
c:\users\qerty\source\repos\gameengine\gameengine\x64\release\meshfilter.obj
c:\users\qerty\source\repos\gameengine\gameengine\x64\release\mesh.obj
c:\users\qerty\source\repos\gameengine\gameengine\x64\release\mainobject.obj
c:\users\qerty\source\repos\gameengine\gameengine\x64\release\inputevent.obj
c:\users\qerty\source\repos\gameengine\gameengine\x64\release\imageloader.obj
c:\users\qerty\source\repos\gameengine\gameengine\x64\release\imagedata.obj
c:\users\qerty\source\repos\gameengine\gameengine\x64\release\gameengine.obj
c:\users\qerty\source\repos\gameengine\gameengine\x64\release\debuger.obj
c:\users\qerty\source\repos\gameengine\gameengine\x64\release\customobject.obj
c:\users\qerty\source\repos\gameengine\gameengine\x64\release\component.obj
c:\users\qerty\source\repos\gameengine\x64\release\gameengine.exe
c:\users\qerty\source\repos\gameengine\x64\release\gameengine.pdb
c:\users\qerty\source\repos\gameengine\gameengine\x64\release\gameengine.ipdb
c:\users\qerty\source\repos\gameengine\gameengine\x64\release\gameengine.iobj
c:\users\qerty\source\repos\gameengine\gameengine\x64\release\gameengine.tlog\cl.command.1.tlog
c:\users\qerty\source\repos\gameengine\gameengine\x64\release\gameengine.tlog\cl.items.tlog
c:\users\qerty\source\repos\gameengine\gameengine\x64\release\gameengine.tlog\cl.read.1.tlog
c:\users\qerty\source\repos\gameengine\gameengine\x64\release\gameengine.tlog\cl.write.1.tlog
c:\users\qerty\source\repos\gameengine\gameengine\x64\release\gameengine.tlog\link.command.1.tlog
c:\users\qerty\source\repos\gameengine\gameengine\x64\release\gameengine.tlog\link.read.1.tlog
c:\users\qerty\source\repos\gameengine\gameengine\x64\release\gameengine.tlog\link.secondary.1.tlog
c:\users\qerty\source\repos\gameengine\gameengine\x64\release\gameengine.tlog\link.write.1.tlog
